{:server-socket #<ServerSocket ServerSocket[addr=localhost/127.0.0.1,port=0,localport=18628]>, :connections #<Ref@194363b: #{}>}
[INFO] snapshot aleph:aleph:0.1.5-SNAPSHOT: checking for updates from maven
[INFO] snapshot clj-http:clj-http:0.1.0-SNAPSHOT: checking for updates from maven
[INFO] snapshot lamina:lamina:0.4.0-SNAPSHOT: checking for updates from maven
[INFO] snapshot gloss:gloss:0.1.2-SNAPSHOT: checking for updates from maven
[INFO] snapshot org.cloudhoist:pallet:0.4.0-SNAPSHOT: checking for updates from maven
[INFO] snapshot org.cloudhoist:pallet-pom:0.4.0-SNAPSHOT: checking for updates from maven
[INFO] snapshot org.cloudhoist:pallet-crates-all:0.4.0-SNAPSHOT: checking for updates from maven
[INFO] snapshot org.cloudhoist:pallet-crate-pom:0.4.0-SNAPSHOT: checking for updates from maven
[INFO] snapshot org.cloudhoist:automated-admin-user:0.4.0-SNAPSHOT: checking for updates from maven
[INFO] snapshot org.cloudhoist:sudoers:0.4.0-SNAPSHOT: checking for updates from maven
[INFO] snapshot org.cloudhoist:ssh-key:0.4.0-SNAPSHOT: checking for updates from maven
[INFO] snapshot org.cloudhoist:bzr:0.4.0-SNAPSHOT: checking for updates from maven
[INFO] snapshot org.cloudhoist:cassandra:0.4.0-SNAPSHOT: checking for updates from maven
[INFO] snapshot org.cloudhoist:chef:0.4.0-SNAPSHOT: checking for updates from maven
[INFO] snapshot org.cloudhoist:rubygems:0.4.0-SNAPSHOT: checking for updates from maven
[INFO] snapshot org.cloudhoist:ruby:0.4.0-SNAPSHOT: checking for updates from maven
[INFO] snapshot org.cloudhoist:cloudkick:0.4.0-SNAPSHOT: checking for updates from maven
[INFO] snapshot org.cloudhoist:couchdb:0.4.0-SNAPSHOT: checking for updates from maven
[INFO] snapshot org.cloudhoist:crontab:0.4.0-SNAPSHOT: checking for updates from maven
[INFO] snapshot org.cloudhoist:cruise-control-rb:0.4.0-SNAPSHOT: checking for updates from maven
[INFO] snapshot org.cloudhoist:etc-default:0.4.0-SNAPSHOT: checking for updates from maven
[INFO] snapshot org.cloudhoist:etc-hosts:0.4.0-SNAPSHOT: checking for updates from maven
[INFO] snapshot org.cloudhoist:ganglia:0.4.0-SNAPSHOT: checking for updates from maven
[INFO] snapshot org.cloudhoist:nagios-config:0.4.0-SNAPSHOT: checking for updates from maven
[INFO] snapshot org.cloudhoist:iptables:0.4.0-SNAPSHOT: checking for updates from maven
[INFO] snapshot org.cloudhoist:nagios:0.4.0-SNAPSHOT: checking for updates from maven
[INFO] snapshot org.cloudhoist:git:0.4.0-SNAPSHOT: checking for updates from maven
[INFO] snapshot org.cloudhoist:github:0.4.0-SNAPSHOT: checking for updates from maven
[INFO] snapshot org.cloudhoist:gpg:0.4.0-SNAPSHOT: checking for updates from maven
[INFO] snapshot org.cloudhoist:haproxy:0.4.0-SNAPSHOT: checking for updates from maven
[INFO] snapshot org.cloudhoist:hudson:0.4.0-SNAPSHOT: checking for updates from maven
[INFO] snapshot org.cloudhoist:tomcat:0.4.0-SNAPSHOT: checking for updates from maven
[INFO] snapshot org.cloudhoist:maven:0.4.0-SNAPSHOT: checking for updates from maven
[INFO] snapshot org.cloudhoist:iozone:0.4.0-SNAPSHOT: checking for updates from maven
[INFO] snapshot org.cloudhoist:java:0.4.0-SNAPSHOT: checking for updates from maven
[INFO] snapshot org.cloudhoist:jetty:0.4.0-SNAPSHOT: checking for updates from maven
[INFO] snapshot org.cloudhoist:monit:0.4.0-SNAPSHOT: checking for updates from maven
[INFO] snapshot org.cloudhoist:mysql:0.4.0-SNAPSHOT: checking for updates from maven
[INFO] snapshot org.cloudhoist:nginx:0.4.0-SNAPSHOT: checking for updates from maven
[INFO] snapshot org.cloudhoist:node-js:0.4.0-SNAPSHOT: checking for updates from maven
[INFO] snapshot org.cloudhoist:package-builder:0.4.0-SNAPSHOT: checking for updates from maven
[INFO] snapshot org.cloudhoist:php:0.4.0-SNAPSHOT: checking for updates from maven
[INFO] snapshot org.cloudhoist:postfix:0.4.0-SNAPSHOT: checking for updates from maven
[INFO] snapshot org.cloudhoist:postgres:0.4.0-SNAPSHOT: checking for updates from maven
[INFO] snapshot org.cloudhoist:public-dns-if-no-nameserver:0.4.0-SNAPSHOT: checking for updates from maven
[INFO] snapshot org.cloudhoist:resolv:0.4.0-SNAPSHOT: checking for updates from maven
[INFO] snapshot org.cloudhoist:rabbitmq:0.4.0-SNAPSHOT: checking for updates from maven
[INFO] snapshot org.cloudhoist:sphinx:0.4.0-SNAPSHOT: checking for updates from maven
[INFO] snapshot org.cloudhoist:splunk:0.4.0-SNAPSHOT: checking for updates from maven
[INFO] snapshot org.cloudhoist:squeak:0.4.0-SNAPSHOT: checking for updates from maven
[INFO] snapshot org.cloudhoist:upstart:0.4.0-SNAPSHOT: checking for updates from maven
[INFO] snapshot org.cloudhoist:ssh:0.4.0-SNAPSHOT: checking for updates from maven
[INFO] snapshot org.cloudhoist:syslog-ng:0.4.0-SNAPSHOT: checking for updates from maven
[INFO] snapshot org.cloudhoist:vpnc:0.4.0-SNAPSHOT: checking for updates from maven
[INFO] snapshot org.cloudhoist:wordpress:0.4.0-SNAPSHOT: checking for updates from maven
[INFO] snapshot org.cloudhoist:zeromq:0.4.0-SNAPSHOT: checking for updates from maven
[INFO] snapshot org.cloudhoist:zookeeper:0.4.0-SNAPSHOT: checking for updates from maven
{:server-socket #<ServerSocket ServerSocket[addr=localhost/127.0.0.1,port=0,localport=39133]>, :connections #<Ref@c042ab: #{}>}
